<?xml version="1.0" encoding="UTF-8"?>
<testsuite xmlns:xsi="http://www.w3.org/2001/XMLSchema-instance" xsi:noNamespaceSchemaLocation="https://maven.apache.org/surefire/maven-surefire-plugin/xsd/surefire-test-report-3.0.xsd" version="3.0" name="com.room5.trivago.runners.CukesRunner" time="725.634" tests="52" errors="2" skipped="0" failures="1">
  <properties>
[...]
</properties>
  <testcase name="Destination links go to page title" classname="Mainmenu functions" time="14.826">
    <system-out><![CDATA[expected = Northwest
actual = Northwest
]]></system-out>
    <system-err><![CDATA[SLF4J: Failed to load class "org.slf4j.impl.StaticLoggerBinder".
SLF4J: Defaulting to no-operation (NOP) logger implementation
SLF4J: See http://www.slf4j.org/codes.html#StaticLoggerBinder for further details.
Starting ChromeDriver 87.0.4280.88 (89e2380a3e36c3464b5dd1302349b1382549290d-refs/branch-heads/4280@{#1761}) on port 14225
Only local connections are allowed.
Please see https://chromedriver.chromium.org/security-considerations for suggestions on keeping ChromeDriver safe.
ChromeDriver was started successfully.
Jan 02, 2021 5:03:49 PM org.openqa.selenium.remote.ProtocolHandshake createSession
INFO: Detected dialect: W3C
]]></system-err>
  </testcase>
  <testcase name="Destination links go to page title" classname="Mainmenu functions" time="12.688">
    <system-out><![CDATA[expected = Southwest
actual = Southwest
]]></system-out>
    <system-err><![CDATA[Starting ChromeDriver 87.0.4280.88 (89e2380a3e36c3464b5dd1302349b1382549290d-refs/branch-heads/4280@{#1761}) on port 37264
Only local connections are allowed.
Please see https://chromedriver.chromium.org/security-considerations for suggestions on keeping ChromeDriver safe.
ChromeDriver was started successfully.
Jan 02, 2021 5:04:02 PM org.openqa.selenium.remote.ProtocolHandshake createSession
INFO: Detected dialect: W3C
]]></system-err>
  </testcase>
  <testcase name="Destination links go to page title" classname="Mainmenu functions" time="13.275">
    <system-out><![CDATA[expected = Midwest
actual = Midwest
]]></system-out>
    <system-err><![CDATA[Starting ChromeDriver 87.0.4280.88 (89e2380a3e36c3464b5dd1302349b1382549290d-refs/branch-heads/4280@{#1761}) on port 36358
Only local connections are allowed.
Please see https://chromedriver.chromium.org/security-considerations for suggestions on keeping ChromeDriver safe.
ChromeDriver was started successfully.
Jan 02, 2021 5:04:15 PM org.openqa.selenium.remote.ProtocolHandshake createSession
INFO: Detected dialect: W3C
]]></system-err>
  </testcase>
  <testcase name="Destination links go to page title" classname="Mainmenu functions" time="12.529">
    <system-out><![CDATA[expected = Southeast
actual = Southeast
]]></system-out>
    <system-err><![CDATA[Starting ChromeDriver 87.0.4280.88 (89e2380a3e36c3464b5dd1302349b1382549290d-refs/branch-heads/4280@{#1761}) on port 30659
Only local connections are allowed.
Please see https://chromedriver.chromium.org/security-considerations for suggestions on keeping ChromeDriver safe.
ChromeDriver was started successfully.
Jan 02, 2021 5:04:28 PM org.openqa.selenium.remote.ProtocolHandshake createSession
INFO: Detected dialect: W3C
]]></system-err>
  </testcase>
  <testcase name="Destination links go to page title" classname="Mainmenu functions" time="12.372">
    <system-out><![CDATA[expected = Northeast
actual = Northeast
]]></system-out>
    <system-err><![CDATA[Starting ChromeDriver 87.0.4280.88 (89e2380a3e36c3464b5dd1302349b1382549290d-refs/branch-heads/4280@{#1761}) on port 21954
Only local connections are allowed.
Please see https://chromedriver.chromium.org/security-considerations for suggestions on keeping ChromeDriver safe.
ChromeDriver was started successfully.
Jan 02, 2021 5:04:40 PM org.openqa.selenium.remote.ProtocolHandshake createSession
INFO: Detected dialect: W3C
]]></system-err>
  </testcase>
  <testcase name="Destination menu has following datas" classname="Mainmenu functions" time="12.752">
    <system-err><![CDATA[Starting ChromeDriver 87.0.4280.88 (89e2380a3e36c3464b5dd1302349b1382549290d-refs/branch-heads/4280@{#1761}) on port 26825
Only local connections are allowed.
Please see https://chromedriver.chromium.org/security-considerations for suggestions on keeping ChromeDriver safe.
ChromeDriver was started successfully.
Jan 02, 2021 5:04:53 PM org.openqa.selenium.remote.ProtocolHandshake createSession
INFO: Detected dialect: W3C
]]></system-err>
  </testcase>
  <testcase name="Search function" classname="Mainmenu functions" time="12.544">
    <system-out><![CDATA[Search Report :6 Search Results
]]></system-out>
    <system-err><![CDATA[Starting ChromeDriver 87.0.4280.88 (89e2380a3e36c3464b5dd1302349b1382549290d-refs/branch-heads/4280@{#1761}) on port 8057
Only local connections are allowed.
Please see https://chromedriver.chromium.org/security-considerations for suggestions on keeping ChromeDriver safe.
ChromeDriver was started successfully.
Jan 02, 2021 5:05:05 PM org.openqa.selenium.remote.ProtocolHandshake createSession
INFO: Detected dialect: W3C
]]></system-err>
  </testcase>
  <testcase name="Search function" classname="Mainmenu functions" time="12.694">
    <system-out><![CDATA[Search Report :No results
]]></system-out>
    <system-err><![CDATA[Starting ChromeDriver 87.0.4280.88 (89e2380a3e36c3464b5dd1302349b1382549290d-refs/branch-heads/4280@{#1761}) on port 13939
Only local connections are allowed.
Please see https://chromedriver.chromium.org/security-considerations for suggestions on keeping ChromeDriver safe.
ChromeDriver was started successfully.
Jan 02, 2021 5:05:18 PM org.openqa.selenium.remote.ProtocolHandshake createSession
INFO: Detected dialect: W3C
]]></system-err>
  </testcase>
  <testcase name="Search function" classname="Mainmenu functions" time="12.52">
    <system-out><![CDATA[Search Report :6 Search Results
]]></system-out>
    <system-err><![CDATA[Starting ChromeDriver 87.0.4280.88 (89e2380a3e36c3464b5dd1302349b1382549290d-refs/branch-heads/4280@{#1761}) on port 17740
Only local connections are allowed.
Please see https://chromedriver.chromium.org/security-considerations for suggestions on keeping ChromeDriver safe.
ChromeDriver was started successfully.
Jan 02, 2021 5:05:31 PM org.openqa.selenium.remote.ProtocolHandshake createSession
INFO: Detected dialect: W3C
]]></system-err>
  </testcase>
  <testcase name="Search function" classname="Mainmenu functions" time="12.589">
    <system-out><![CDATA[Search Report :No results
]]></system-out>
    <system-err><![CDATA[Starting ChromeDriver 87.0.4280.88 (89e2380a3e36c3464b5dd1302349b1382549290d-refs/branch-heads/4280@{#1761}) on port 24897
Only local connections are allowed.
Please see https://chromedriver.chromium.org/security-considerations for suggestions on keeping ChromeDriver safe.
ChromeDriver was started successfully.
Jan 02, 2021 5:05:43 PM org.openqa.selenium.remote.ProtocolHandshake createSession
INFO: Detected dialect: W3C
]]></system-err>
  </testcase>
  <testcase name="Search function" classname="Mainmenu functions" time="12.676">
    <system-out><![CDATA[Search Report :4 Search Results
]]></system-out>
    <system-err><![CDATA[Starting ChromeDriver 87.0.4280.88 (89e2380a3e36c3464b5dd1302349b1382549290d-refs/branch-heads/4280@{#1761}) on port 42775
Only local connections are allowed.
Please see https://chromedriver.chromium.org/security-considerations for suggestions on keeping ChromeDriver safe.
ChromeDriver was started successfully.
Jan 02, 2021 5:05:56 PM org.openqa.selenium.remote.ProtocolHandshake createSession
INFO: Detected dialect: W3C
]]></system-err>
  </testcase>
  <testcase name="3 Events and Data" classname="DataLayer Test" time="9.052">
    <system-out><![CDATA[List of OneTrustLoaded = [OnetrustActiveGroups=,C0001,C0003,C0002,C0004,H36,H33,rtw,H13,H32,klm,pur,H24,diq,zcf,H16,H17,cbn,xzo,H31,npr,spg,ebv,H32,ars,cux,mxu,xvn,lsx,gwv,ily,H14,H31,, event=OneTrustLoaded, gtm.uniqueEventId=1]
List of OneTrustLoaded = [OnetrustActiveGroups=,C0001,C0003,C0002,C0004,, event=OneTrustLoaded, gtm.uniqueEventId=10]
List of OneTrustLoaded = [OnetrustActiveGroups=,C0001,C0003,C0002,C0004,H36,H33,rtw,H13,H32,klm,pur,H24,diq,zcf,H16,H17,cbn,xzo,H31,npr,spg,ebv,H32,ars,cux,mxu,xvn,lsx,gwv,ily,H14,H31,, event=OneTrustLoaded, gtm.uniqueEventId=1]
List of OneTrustLoaded = [OnetrustActiveGroups=,C0001,C0003,C0002,C0004,, event=OneTrustLoaded, gtm.uniqueEventId=10]
]]></system-out>
    <system-err><![CDATA[Starting ChromeDriver 87.0.4280.88 (89e2380a3e36c3464b5dd1302349b1382549290d-refs/branch-heads/4280@{#1761}) on port 11024
Only local connections are allowed.
Please see https://chromedriver.chromium.org/security-considerations for suggestions on keeping ChromeDriver safe.
ChromeDriver was started successfully.
Jan 02, 2021 5:06:09 PM org.openqa.selenium.remote.ProtocolHandshake createSession
INFO: Detected dialect: W3C
]]></system-err>
  </testcase>
  <testcase name="3 Events and Data" classname="DataLayer Test" time="8.975">
    <system-out><![CDATA[List of OptanonLoaded = [OptanonActiveGroups=,C0001,C0003,C0002,C0004,H36,H33,rtw,H13,H32,klm,pur,H24,diq,zcf,H16,H17,cbn,xzo,H31,npr,spg,ebv,H32,ars,cux,mxu,xvn,lsx,gwv,ily,H14,H31,, event=OptanonLoaded, gtm.uniqueEventId=4]
List of OptanonLoaded = [OptanonActiveGroups=,C0001,C0003,C0002,C0004,, event=OptanonLoaded, gtm.uniqueEventId=13]
List of OptanonLoaded = [OptanonActiveGroups=,C0001,C0003,C0002,C0004,H36,H33,rtw,H13,H32,klm,pur,H24,diq,zcf,H16,H17,cbn,xzo,H31,npr,spg,ebv,H32,ars,cux,mxu,xvn,lsx,gwv,ily,H14,H31,, event=OptanonLoaded, gtm.uniqueEventId=4]
List of OptanonLoaded = [OptanonActiveGroups=,C0001,C0003,C0002,C0004,, event=OptanonLoaded, gtm.uniqueEventId=13]
]]></system-out>
    <system-err><![CDATA[Starting ChromeDriver 87.0.4280.88 (89e2380a3e36c3464b5dd1302349b1382549290d-refs/branch-heads/4280@{#1761}) on port 43921
Only local connections are allowed.
Please see https://chromedriver.chromium.org/security-considerations for suggestions on keeping ChromeDriver safe.
ChromeDriver was started successfully.
Jan 02, 2021 5:06:18 PM org.openqa.selenium.remote.ProtocolHandshake createSession
INFO: Detected dialect: W3C
]]></system-err>
  </testcase>
  <testcase name="3 Events and Data" classname="DataLayer Test" time="8.956">
    <system-out><![CDATA[List of OneTrustGroupsUpdated = [OnetrustActiveGroups=,C0001,C0003,C0002,C0004,H36,H33,rtw,H13,H32,klm,pur,H24,diq,zcf,H16,H17,cbn,xzo,H31,npr,spg,ebv,H32,ars,cux,mxu,xvn,lsx,gwv,ily,H14,H31,, event=OneTrustGroupsUpdated, gtm.uniqueEventId=7]
List of OneTrustGroupsUpdated = [OnetrustActiveGroups=,C0001,C0003,C0002,C0004,H36,H33,rtw,H13,H32,klm,pur,H24,diq,zcf,H16,H17,cbn,xzo,H31,npr,spg,ebv,H32,ars,cux,mxu,xvn,lsx,gwv,ily,H14,H31,, event=OneTrustGroupsUpdated, gtm.uniqueEventId=7]
]]></system-out>
    <system-err><![CDATA[Starting ChromeDriver 87.0.4280.88 (89e2380a3e36c3464b5dd1302349b1382549290d-refs/branch-heads/4280@{#1761}) on port 39258
Only local connections are allowed.
Please see https://chromedriver.chromium.org/security-considerations for suggestions on keeping ChromeDriver safe.
ChromeDriver was started successfully.
Jan 02, 2021 5:06:26 PM org.openqa.selenium.remote.ProtocolHandshake createSession
INFO: Detected dialect: W3C
]]></system-err>
  </testcase>
  <testcase name="Content Load event and HotelIds" classname="DataLayer Test" time="8.792">
    <system-out><![CDATA[List of contentLoaded = [action=initial, contenttype=3, event=contentLoaded, gtm.uniqueEventId=47, hotelIds=[9553202, 5137802, 5521080, 360251, 65170, 79557, 2319446, 75246, 8504, 1108619], interaction-type=true, pixeltype=1, postid=81724, target=performance-post, target-properties=top-vacation-spots-us, value=null]
List of contentLoaded = [action=initial, contenttype=3, event=contentLoaded, gtm.uniqueEventId=47, hotelIds=[9553202, 5137802, 5521080, 360251, 65170, 79557, 2319446, 75246, 8504, 1108619], interaction-type=true, pixeltype=1, postid=81724, target=performance-post, target-properties=top-vacation-spots-us, value=null]
Hotel IDs are as follows: [9553202, 5137802, 5521080, 360251, 65170, 79557, 2319446, 75246, 8504, 1108619]
List of contentLoaded = [action=initial, contenttype=3, event=contentLoaded, gtm.uniqueEventId=47, hotelIds=[9553202, 5137802, 5521080, 360251, 65170, 79557, 2319446, 75246, 8504, 1108619], interaction-type=true, pixeltype=1, postid=81724, target=performance-post, target-properties=top-vacation-spots-us, value=null]
str = top-vacation-spots-us
Target properties are as follows: top-vacation-spots-us
]]></system-out>
    <system-err><![CDATA[Starting ChromeDriver 87.0.4280.88 (89e2380a3e36c3464b5dd1302349b1382549290d-refs/branch-heads/4280@{#1761}) on port 32468
Only local connections are allowed.
Please see https://chromedriver.chromium.org/security-considerations for suggestions on keeping ChromeDriver safe.
ChromeDriver was started successfully.
Jan 02, 2021 5:06:35 PM org.openqa.selenium.remote.ProtocolHandshake createSession
INFO: Detected dialect: W3C
]]></system-err>
  </testcase>
  <testcase name="With valid data" classname="Contact page sending message" time="15.387">
    <system-out><![CDATA[contactPage = Message Sent Successfully!
]]></system-out>
    <system-err><![CDATA[Starting ChromeDriver 87.0.4280.88 (89e2380a3e36c3464b5dd1302349b1382549290d-refs/branch-heads/4280@{#1761}) on port 14194
Only local connections are allowed.
Please see https://chromedriver.chromium.org/security-considerations for suggestions on keeping ChromeDriver safe.
ChromeDriver was started successfully.
Jan 02, 2021 5:06:44 PM org.openqa.selenium.remote.ProtocolHandshake createSession
INFO: Detected dialect: W3C
]]></system-err>
  </testcase>
  <testcase name="With valid data" classname="Contact page sending message" time="14.718">
    <system-out><![CDATA[contactPage = Message Sent Successfully!
]]></system-out>
    <system-err><![CDATA[Starting ChromeDriver 87.0.4280.88 (89e2380a3e36c3464b5dd1302349b1382549290d-refs/branch-heads/4280@{#1761}) on port 32812
Only local connections are allowed.
Please see https://chromedriver.chromium.org/security-considerations for suggestions on keeping ChromeDriver safe.
ChromeDriver was started successfully.
Jan 02, 2021 5:07:00 PM org.openqa.selenium.remote.ProtocolHandshake createSession
INFO: Detected dialect: W3C
]]></system-err>
  </testcase>
  <testcase name="Broken links verification" classname="Subscribe to the Newsletter" time="12.408">
    <error type="java.lang.NullPointerException"><![CDATA[java.lang.NullPointerException
]]></error>
    <system-out><![CDATA[Total links are 55
https://magazine.trivago.com/ - OK
https://magazine.trivago.com/top-vacation-spots-us/ - OK
https://magazine.trivago.com/theme/travel-from-home/ - OK
https://magazine.trivago.com/theme/best-weekend-getaways/ - OK
https://magazine.trivago.com/theme/best-nature-vacations/ - OK
https://magazine.trivago.com/theme/romantic-getaways/ - OK
https://magazine.trivago.com/theme/beachfront-hotels/ - OK
https://magazine.trivago.com/theme/family-vacations/ - OK
https://magazine.trivago.com/theme/winter-vacation-ideas/ - OK
https://magazine.trivago.com/#mind-traveling - OK
https://magazine.trivago.com/#future-local-trips - OK
https://magazine.trivago.com/different-places-to-travel-us/ - OK
https://magazine.trivago.com/top-vacation-spots-us/ - OK
https://magazine.trivago.com/new-businesses-2020-online-learning-platform-lectera/ - OK
https://magazine.trivago.com/relaxing-nye-destinations/ - OK
https://magazine.trivago.com/affordable-christmas-vacations-for-families/ - OK
https://magazine.trivago.com/cheap-places-travel-internationally/ - OK
]]></system-out>
    <system-err><![CDATA[Starting ChromeDriver 87.0.4280.88 (89e2380a3e36c3464b5dd1302349b1382549290d-refs/branch-heads/4280@{#1761}) on port 4422
Only local connections are allowed.
Please see https://chromedriver.chromium.org/security-considerations for suggestions on keeping ChromeDriver safe.
ChromeDriver was started successfully.
Jan 02, 2021 5:07:14 PM org.openqa.selenium.remote.ProtocolHandshake createSession
INFO: Detected dialect: W3C
]]></system-err>
  </testcase>
  <testcase name="Valid data and  subscription messages in different languages" classname="Subscribe to the Newsletter" time="13.878">
    <system-out><![CDATA[***Country = USA
***Actual Message = You are now checked-in!
]]></system-out>
    <system-err><![CDATA[Starting ChromeDriver 87.0.4280.88 (89e2380a3e36c3464b5dd1302349b1382549290d-refs/branch-heads/4280@{#1761}) on port 22331
Only local connections are allowed.
Please see https://chromedriver.chromium.org/security-considerations for suggestions on keeping ChromeDriver safe.
ChromeDriver was started successfully.
Jan 02, 2021 5:07:27 PM org.openqa.selenium.remote.ProtocolHandshake createSession
INFO: Detected dialect: W3C
]]></system-err>
  </testcase>
  <testcase name="Valid data and  subscription messages in different languages" classname="Subscribe to the Newsletter" time="17.105">
    <system-out><![CDATA[***Country = Canada
***Actual Message = We have sent you an e-mail to confirm your registration. If nothing is received, please also check your spam folder.
]]></system-out>
    <system-err><![CDATA[Starting ChromeDriver 87.0.4280.88 (89e2380a3e36c3464b5dd1302349b1382549290d-refs/branch-heads/4280@{#1761}) on port 22120
Only local connections are allowed.
Please see https://chromedriver.chromium.org/security-considerations for suggestions on keeping ChromeDriver safe.
ChromeDriver was started successfully.
Jan 02, 2021 5:07:41 PM org.openqa.selenium.remote.ProtocolHandshake createSession
INFO: Detected dialect: W3C
]]></system-err>
  </testcase>
  <testcase name="Valid data and  subscription messages in different languages" classname="Subscribe to the Newsletter" time="17.899">
    <system-out><![CDATA[***Country = Australia
***Actual Message = You're now checked-in!
]]></system-out>
    <system-err><![CDATA[Starting ChromeDriver 87.0.4280.88 (89e2380a3e36c3464b5dd1302349b1382549290d-refs/branch-heads/4280@{#1761}) on port 36972
Only local connections are allowed.
Please see https://chromedriver.chromium.org/security-considerations for suggestions on keeping ChromeDriver safe.
ChromeDriver was started successfully.
Jan 02, 2021 5:07:58 PM org.openqa.selenium.remote.ProtocolHandshake createSession
INFO: Detected dialect: W3C
]]></system-err>
  </testcase>
  <testcase name="Valid data and  subscription messages in different languages" classname="Subscribe to the Newsletter" time="15.045">
    <system-out><![CDATA[***Country = Deutschland
***Actual Message = Wir haben Dir eine E-Mail zum Bestätigen Deiner Anmeldung geschickt. Sollte nichts eingegangen sein, überprüfe bitte auch Deinen Spam-Ordner.
]]></system-out>
    <system-err><![CDATA[Starting ChromeDriver 87.0.4280.88 (89e2380a3e36c3464b5dd1302349b1382549290d-refs/branch-heads/4280@{#1761}) on port 24407
Only local connections are allowed.
Please see https://chromedriver.chromium.org/security-considerations for suggestions on keeping ChromeDriver safe.
ChromeDriver was started successfully.
Jan 02, 2021 5:08:16 PM org.openqa.selenium.remote.ProtocolHandshake createSession
INFO: Detected dialect: W3C
]]></system-err>
  </testcase>
  <testcase name="Valid data and  subscription messages in different languages" classname="Subscribe to the Newsletter" time="15.049">
    <system-out><![CDATA[***Country = France
***Actual Message = Un e-mail de confirmation vous a été envoyé. Vous ne retrouvez pas votre e-mail de confirmation ? Merci de vérifier votre dossier “courrier indésirable”.
]]></system-out>
    <system-err><![CDATA[Starting ChromeDriver 87.0.4280.88 (89e2380a3e36c3464b5dd1302349b1382549290d-refs/branch-heads/4280@{#1761}) on port 13134
Only local connections are allowed.
Please see https://chromedriver.chromium.org/security-considerations for suggestions on keeping ChromeDriver safe.
ChromeDriver was started successfully.
Jan 02, 2021 5:08:31 PM org.openqa.selenium.remote.ProtocolHandshake createSession
INFO: Detected dialect: W3C
]]></system-err>
  </testcase>
  <testcase name="Valid data and  subscription messages in different languages" classname="Subscribe to the Newsletter" time="15.397">
    <system-out><![CDATA[***Country = Italia
***Actual Message = Ti abbiamo inviato una e-mail per confermare la tua registrazione. Se non viene ricevuto nulla, controlla anche la cartella dello spam.
]]></system-out>
    <system-err><![CDATA[Starting ChromeDriver 87.0.4280.88 (89e2380a3e36c3464b5dd1302349b1382549290d-refs/branch-heads/4280@{#1761}) on port 5887
Only local connections are allowed.
Please see https://chromedriver.chromium.org/security-considerations for suggestions on keeping ChromeDriver safe.
ChromeDriver was started successfully.
Jan 02, 2021 5:08:46 PM org.openqa.selenium.remote.ProtocolHandshake createSession
INFO: Detected dialect: W3C
]]></system-err>
  </testcase>
  <testcase name="Valid data and  subscription messages in different languages" classname="Subscribe to the Newsletter" time="15.749">
    <system-out><![CDATA[***Country = España
***Actual Message = Te hemos enviado un correo electrónico para confirmar tu registro. Si no lo has recibido, por favor comprueba tu carpeta de correo no deseado.
]]></system-out>
    <system-err><![CDATA[Starting ChromeDriver 87.0.4280.88 (89e2380a3e36c3464b5dd1302349b1382549290d-refs/branch-heads/4280@{#1761}) on port 13411
Only local connections are allowed.
Please see https://chromedriver.chromium.org/security-considerations for suggestions on keeping ChromeDriver safe.
ChromeDriver was started successfully.
Jan 02, 2021 5:09:01 PM org.openqa.selenium.remote.ProtocolHandshake createSession
INFO: Detected dialect: W3C
]]></system-err>
  </testcase>
  <testcase name="Valid data and  subscription messages in different languages" classname="Subscribe to the Newsletter" time="15.301">
    <system-out><![CDATA[***Country = Suomi
***Actual Message = Olemme lähettäneet sinulle sähköpostitse pyynnön vahvistaa rekisteröitymisesi. Mikäli et ole saanut viestiä, tarkista myös roskapostikansiosi.
]]></system-out>
    <system-err><![CDATA[Starting ChromeDriver 87.0.4280.88 (89e2380a3e36c3464b5dd1302349b1382549290d-refs/branch-heads/4280@{#1761}) on port 6156
Only local connections are allowed.
Please see https://chromedriver.chromium.org/security-considerations for suggestions on keeping ChromeDriver safe.
ChromeDriver was started successfully.
Jan 02, 2021 5:09:17 PM org.openqa.selenium.remote.ProtocolHandshake createSession
INFO: Detected dialect: W3C
]]></system-err>
  </testcase>
  <testcase name="Valid data and  subscription messages in different languages" classname="Subscribe to the Newsletter" time="17.78">
    <system-out><![CDATA[***Country = Brasil
***Actual Message = Obrigado por se inscrever a nossa newsletter
]]></system-out>
    <system-err><![CDATA[Starting ChromeDriver 87.0.4280.88 (89e2380a3e36c3464b5dd1302349b1382549290d-refs/branch-heads/4280@{#1761}) on port 12625
Only local connections are allowed.
Please see https://chromedriver.chromium.org/security-considerations for suggestions on keeping ChromeDriver safe.
ChromeDriver was started successfully.
Jan 02, 2021 5:09:33 PM org.openqa.selenium.remote.ProtocolHandshake createSession
INFO: Detected dialect: W3C
]]></system-err>
  </testcase>
  <testcase name="Valid data and  subscription messages in different languages" classname="Subscribe to the Newsletter" time="15.174">
    <system-out><![CDATA[***Country = Portugal
***Actual Message = Acabamos de lhe enviar um e-mail para confirmar seu registro. Se não o recebeu, por favor, verifique também na sua pasta de spam.
]]></system-out>
    <system-err><![CDATA[Starting ChromeDriver 87.0.4280.88 (89e2380a3e36c3464b5dd1302349b1382549290d-refs/branch-heads/4280@{#1761}) on port 47998
Only local connections are allowed.
Please see https://chromedriver.chromium.org/security-considerations for suggestions on keeping ChromeDriver safe.
ChromeDriver was started successfully.
Jan 02, 2021 5:09:50 PM org.openqa.selenium.remote.ProtocolHandshake createSession
INFO: Detected dialect: W3C
]]></system-err>
  </testcase>
  <testcase name="Valid data and  subscription messages in different languages" classname="Subscribe to the Newsletter" time="16.784">
    <system-out><![CDATA[***Country = México
***Actual Message = Felicidades por unirte a trivago Magazine
]]></system-out>
    <system-err><![CDATA[Starting ChromeDriver 87.0.4280.88 (89e2380a3e36c3464b5dd1302349b1382549290d-refs/branch-heads/4280@{#1761}) on port 30875
Only local connections are allowed.
Please see https://chromedriver.chromium.org/security-considerations for suggestions on keeping ChromeDriver safe.
ChromeDriver was started successfully.
Jan 02, 2021 5:10:05 PM org.openqa.selenium.remote.ProtocolHandshake createSession
INFO: Detected dialect: W3C
]]></system-err>
  </testcase>
  <testcase name="Valid data and  subscription messages in different languages" classname="Subscribe to the Newsletter" time="15.283">
    <system-out><![CDATA[***Country = Ireland
***Actual Message = We have sent you an e-mail to confirm your registration. If nothing is received, please also check your spam folder.
]]></system-out>
    <system-err><![CDATA[Starting ChromeDriver 87.0.4280.88 (89e2380a3e36c3464b5dd1302349b1382549290d-refs/branch-heads/4280@{#1761}) on port 20975
Only local connections are allowed.
Please see https://chromedriver.chromium.org/security-considerations for suggestions on keeping ChromeDriver safe.
ChromeDriver was started successfully.
Jan 02, 2021 5:10:22 PM org.openqa.selenium.remote.ProtocolHandshake createSession
INFO: Detected dialect: W3C
]]></system-err>
  </testcase>
  <testcase name="Valid data and  subscription messages in different languages" classname="Subscribe to the Newsletter" time="15.079">
    <system-out><![CDATA[***Country = United Kingdom
***Actual Message = We have sent you an e-mail to confirm your registration. If nothing is received, please also check your spam folder.
]]></system-out>
    <system-err><![CDATA[Starting ChromeDriver 87.0.4280.88 (89e2380a3e36c3464b5dd1302349b1382549290d-refs/branch-heads/4280@{#1761}) on port 25856
Only local connections are allowed.
Please see https://chromedriver.chromium.org/security-considerations for suggestions on keeping ChromeDriver safe.
ChromeDriver was started successfully.
Jan 02, 2021 5:10:37 PM org.openqa.selenium.remote.ProtocolHandshake createSession
INFO: Detected dialect: W3C
]]></system-err>
  </testcase>
  <testcase name="Valid data and  subscription messages in different languages" classname="Subscribe to the Newsletter" time="15.409">
    <system-out><![CDATA[***Country = Norge
***Actual Message = Vi har sendt deg en e-post med en bekreftelse på din påmelding. Hvis du ikke kan se e-posten, så ber vi deg sjekke søppelposten.
]]></system-out>
    <system-err><![CDATA[Starting ChromeDriver 87.0.4280.88 (89e2380a3e36c3464b5dd1302349b1382549290d-refs/branch-heads/4280@{#1761}) on port 16797
Only local connections are allowed.
Please see https://chromedriver.chromium.org/security-considerations for suggestions on keeping ChromeDriver safe.
ChromeDriver was started successfully.
Jan 02, 2021 5:10:52 PM org.openqa.selenium.remote.ProtocolHandshake createSession
INFO: Detected dialect: W3C
]]></system-err>
  </testcase>
  <testcase name="Valid data and  subscription messages in different languages" classname="Subscribe to the Newsletter" time="15.103">
    <system-out><![CDATA[***Country = Sverige
***Actual Message = Vi har skickat dig e-post som bekräftelse på din registrering. Om du inte kan hitta e-posten, ber vi dig att kolla din skräppost.
]]></system-out>
    <system-err><![CDATA[Starting ChromeDriver 87.0.4280.88 (89e2380a3e36c3464b5dd1302349b1382549290d-refs/branch-heads/4280@{#1761}) on port 6795
Only local connections are allowed.
Please see https://chromedriver.chromium.org/security-considerations for suggestions on keeping ChromeDriver safe.
ChromeDriver was started successfully.
Jan 02, 2021 5:11:08 PM org.openqa.selenium.remote.ProtocolHandshake createSession
INFO: Detected dialect: W3C
]]></system-err>
  </testcase>
  <testcase name="Valid data and  subscription messages in different languages" classname="Subscribe to the Newsletter" time="8.532">
    <error message="no such element: Unable to locate element: {&quot;method&quot;:&quot;xpath&quot;,&quot;selector&quot;:&quot;//div[@class=&apos;newsletter-email&apos;]/input&quot;}&#10;  (Session info: headless chrome=87.0.4280.88)&#10;For documentation on this error, please visit: https://www.seleniumhq.org/exceptions/no_such_element.html&#10;Build info: version: &apos;3.141.59&apos;, revision: &apos;e82be7d358&apos;, time: &apos;2018-11-14T08:17:03&apos;&#10;System info: host: &apos;DESKTOP-IULL9DI&apos;, ip: &apos;192.168.0.90&apos;, os.name: &apos;Windows 10&apos;, os.arch: &apos;amd64&apos;, os.version: &apos;10.0&apos;, java.version: &apos;12.0.2&apos;&#10;Driver info: org.openqa.selenium.chrome.ChromeDriver&#10;Capabilities {acceptInsecureCerts: false, browserName: chrome, browserVersion: 87.0.4280.88, chrome: {chromedriverVersion: 87.0.4280.88 (89e2380a3e36c..., userDataDir: C:\Users\asd\AppData\Local\...}, goog:chromeOptions: {debuggerAddress: localhost:50691}, javascriptEnabled: true, networkConnectionEnabled: false, pageLoadStrategy: normal, platform: WINDOWS, platformName: WINDOWS, proxy: Proxy(), setWindowRect: true, strictFileInteractability: false, timeouts: {implicit: 0, pageLoad: 300000, script: 30000}, unhandledPromptBehavior: dismiss and notify, webauthn:virtualAuthenticators: true}&#10;Session ID: 97609e98ff5ed8a0f843b66aa24d321b&#10;*** Element info: {Using=xpath, value=//div[@class=&apos;newsletter-email&apos;]/input}" type="org.openqa.selenium.NoSuchElementException"><![CDATA[org.openqa.selenium.NoSuchElementException: 
no such element: Unable to locate element: {"method":"xpath","selector":"//div[@class='newsletter-email']/input"}
  (Session info: headless chrome=87.0.4280.88)
For documentation on this error, please visit: https://www.seleniumhq.org/exceptions/no_such_element.html
Build info: version: '3.141.59', revision: 'e82be7d358', time: '2018-11-14T08:17:03'
System info: host: 'DESKTOP-IULL9DI', ip: '192.168.0.90', os.name: 'Windows 10', os.arch: 'amd64', os.version: '10.0', java.version: '12.0.2'
Driver info: org.openqa.selenium.chrome.ChromeDriver
Capabilities {acceptInsecureCerts: false, browserName: chrome, browserVersion: 87.0.4280.88, chrome: {chromedriverVersion: 87.0.4280.88 (89e2380a3e36c..., userDataDir: C:\Users\asd\AppData\Local\...}, goog:chromeOptions: {debuggerAddress: localhost:50691}, javascriptEnabled: true, networkConnectionEnabled: false, pageLoadStrategy: normal, platform: WINDOWS, platformName: WINDOWS, proxy: Proxy(), setWindowRect: true, strictFileInteractability: false, timeouts: {implicit: 0, pageLoad: 300000, script: 30000}, unhandledPromptBehavior: dismiss and notify, webauthn:virtualAuthenticators: true}
Session ID: 97609e98ff5ed8a0f843b66aa24d321b
*** Element info: {Using=xpath, value=//div[@class='newsletter-email']/input}
]]></error>
    <system-out><![CDATA[***Country = Singapore
]]></system-out>
    <system-err><![CDATA[Starting ChromeDriver 87.0.4280.88 (89e2380a3e36c3464b5dd1302349b1382549290d-refs/branch-heads/4280@{#1761}) on port 19781
Only local connections are allowed.
Please see https://chromedriver.chromium.org/security-considerations for suggestions on keeping ChromeDriver safe.
ChromeDriver was started successfully.
Jan 02, 2021 5:11:23 PM org.openqa.selenium.remote.ProtocolHandshake createSession
INFO: Detected dialect: W3C
]]></system-err>
  </testcase>
  <testcase name="Valid data and  subscription messages in different languages" classname="Subscribe to the Newsletter" time="16.83">
    <system-out><![CDATA[***Country = Argentina
***Actual Message = ¡Felicitaciones por unirte a trivago Magazine!
]]></system-out>
    <system-err><![CDATA[Starting ChromeDriver 87.0.4280.88 (89e2380a3e36c3464b5dd1302349b1382549290d-refs/branch-heads/4280@{#1761}) on port 46030
Only local connections are allowed.
Please see https://chromedriver.chromium.org/security-considerations for suggestions on keeping ChromeDriver safe.
ChromeDriver was started successfully.
Jan 02, 2021 5:11:31 PM org.openqa.selenium.remote.ProtocolHandshake createSession
INFO: Detected dialect: W3C
]]></system-err>
  </testcase>
  <testcase name="Valid data and  subscription messages in different languages" classname="Subscribe to the Newsletter" time="16.143">
    <failure message="expected:&lt;...dınızı tamamlamanız [için ]bir e-posta gönderdi...&gt; but was:&lt;...dınızı tamamlamanız []bir e-posta gönderdi...&gt;" type="org.junit.ComparisonFailure"><![CDATA[org.junit.ComparisonFailure: expected:<...dınızı tamamlamanız [için ]bir e-posta gönderdi...> but was:<...dınızı tamamlamanız []bir e-posta gönderdi...>
]]></failure>
    <system-out><![CDATA[***Country = Türkiye
***Actual Message = Abonelik kaydınızı tamamlamanız bir e-posta gönderdik. Eğer e-postayı almadıysanız lütfen "Spam" bölümünü kontrol ediniz.
]]></system-out>
    <system-err><![CDATA[Starting ChromeDriver 87.0.4280.88 (89e2380a3e36c3464b5dd1302349b1382549290d-refs/branch-heads/4280@{#1761}) on port 32670
Only local connections are allowed.
Please see https://chromedriver.chromium.org/security-considerations for suggestions on keeping ChromeDriver safe.
ChromeDriver was started successfully.
Jan 02, 2021 5:11:48 PM org.openqa.selenium.remote.ProtocolHandshake createSession
INFO: Detected dialect: W3C
]]></system-err>
  </testcase>
  <testcase name="Invalid data and messages in different languages" classname="Subscribe to the Newsletter" time="12.818">
    <system-out><![CDATA[***Country = USA
***Actual Message = Please enter a valid e-mail address
]]></system-out>
    <system-err><![CDATA[Starting ChromeDriver 87.0.4280.88 (89e2380a3e36c3464b5dd1302349b1382549290d-refs/branch-heads/4280@{#1761}) on port 47520
Only local connections are allowed.
Please see https://chromedriver.chromium.org/security-considerations for suggestions on keeping ChromeDriver safe.
ChromeDriver was started successfully.
Jan 02, 2021 5:12:05 PM org.openqa.selenium.remote.ProtocolHandshake createSession
INFO: Detected dialect: W3C
]]></system-err>
  </testcase>
  <testcase name="Invalid data and messages in different languages" classname="Subscribe to the Newsletter" time="14.663">
    <system-out><![CDATA[***Country = Canada
***Actual Message = Please enter a valid email address
]]></system-out>
    <system-err><![CDATA[Starting ChromeDriver 87.0.4280.88 (89e2380a3e36c3464b5dd1302349b1382549290d-refs/branch-heads/4280@{#1761}) on port 38047
Only local connections are allowed.
Please see https://chromedriver.chromium.org/security-considerations for suggestions on keeping ChromeDriver safe.
ChromeDriver was started successfully.
Jan 02, 2021 5:12:17 PM org.openqa.selenium.remote.ProtocolHandshake createSession
INFO: Detected dialect: W3C
]]></system-err>
  </testcase>
  <testcase name="Invalid data and messages in different languages" classname="Subscribe to the Newsletter" time="14.088">
    <system-out><![CDATA[***Country = Australia
***Actual Message = Oops! Please enter a valid e-mail address :)
]]></system-out>
    <system-err><![CDATA[Starting ChromeDriver 87.0.4280.88 (89e2380a3e36c3464b5dd1302349b1382549290d-refs/branch-heads/4280@{#1761}) on port 43480
Only local connections are allowed.
Please see https://chromedriver.chromium.org/security-considerations for suggestions on keeping ChromeDriver safe.
ChromeDriver was started successfully.
Jan 02, 2021 5:12:32 PM org.openqa.selenium.remote.ProtocolHandshake createSession
INFO: Detected dialect: W3C
]]></system-err>
  </testcase>
  <testcase name="Invalid data and messages in different languages" classname="Subscribe to the Newsletter" time="13.876">
    <system-out><![CDATA[***Country = Deutschland
***Actual Message = Es ist ein Fehler aufgetreten
]]></system-out>
    <system-err><![CDATA[Starting ChromeDriver 87.0.4280.88 (89e2380a3e36c3464b5dd1302349b1382549290d-refs/branch-heads/4280@{#1761}) on port 28561
Only local connections are allowed.
Please see https://chromedriver.chromium.org/security-considerations for suggestions on keeping ChromeDriver safe.
ChromeDriver was started successfully.
Jan 02, 2021 5:12:46 PM org.openqa.selenium.remote.ProtocolHandshake createSession
INFO: Detected dialect: W3C
]]></system-err>
  </testcase>
  <testcase name="Invalid data and messages in different languages" classname="Subscribe to the Newsletter" time="14.215">
    <system-out><![CDATA[***Country = France
***Actual Message = Une erreur ? Entrez votre e-mail à nouveau
]]></system-out>
    <system-err><![CDATA[Starting ChromeDriver 87.0.4280.88 (89e2380a3e36c3464b5dd1302349b1382549290d-refs/branch-heads/4280@{#1761}) on port 34102
Only local connections are allowed.
Please see https://chromedriver.chromium.org/security-considerations for suggestions on keeping ChromeDriver safe.
ChromeDriver was started successfully.
Jan 02, 2021 5:13:00 PM org.openqa.selenium.remote.ProtocolHandshake createSession
INFO: Detected dialect: W3C
]]></system-err>
  </testcase>
  <testcase name="Invalid data and messages in different languages" classname="Subscribe to the Newsletter" time="14.173">
    <system-out><![CDATA[***Country = Italia
***Actual Message = Per favore, inserisci un indirizzo email valido
]]></system-out>
    <system-err><![CDATA[Starting ChromeDriver 87.0.4280.88 (89e2380a3e36c3464b5dd1302349b1382549290d-refs/branch-heads/4280@{#1761}) on port 28628
Only local connections are allowed.
Please see https://chromedriver.chromium.org/security-considerations for suggestions on keeping ChromeDriver safe.
ChromeDriver was started successfully.
Jan 02, 2021 5:13:14 PM org.openqa.selenium.remote.ProtocolHandshake createSession
INFO: Detected dialect: W3C
]]></system-err>
  </testcase>
  <testcase name="Invalid data and messages in different languages" classname="Subscribe to the Newsletter" time="13.897">
    <system-out><![CDATA[***Country = España
***Actual Message = Por favor, introduce un e-mail válido
]]></system-out>
    <system-err><![CDATA[Starting ChromeDriver 87.0.4280.88 (89e2380a3e36c3464b5dd1302349b1382549290d-refs/branch-heads/4280@{#1761}) on port 30817
Only local connections are allowed.
Please see https://chromedriver.chromium.org/security-considerations for suggestions on keeping ChromeDriver safe.
ChromeDriver was started successfully.
Jan 02, 2021 5:13:28 PM org.openqa.selenium.remote.ProtocolHandshake createSession
INFO: Detected dialect: W3C
]]></system-err>
  </testcase>
  <testcase name="Invalid data and messages in different languages" classname="Subscribe to the Newsletter" time="14.269">
    <system-out><![CDATA[***Country = Suomi
***Actual Message = Syötä voimassa oleva sähköpostiosoite
]]></system-out>
    <system-err><![CDATA[Starting ChromeDriver 87.0.4280.88 (89e2380a3e36c3464b5dd1302349b1382549290d-refs/branch-heads/4280@{#1761}) on port 20481
Only local connections are allowed.
Please see https://chromedriver.chromium.org/security-considerations for suggestions on keeping ChromeDriver safe.
ChromeDriver was started successfully.
Jan 02, 2021 5:13:42 PM org.openqa.selenium.remote.ProtocolHandshake createSession
INFO: Detected dialect: W3C
]]></system-err>
  </testcase>
  <testcase name="Invalid data and messages in different languages" classname="Subscribe to the Newsletter" time="14.026">
    <system-out><![CDATA[***Country = Türkiye
***Actual Message = Lütfen tekrar deneyin.
]]></system-out>
    <system-err><![CDATA[Starting ChromeDriver 87.0.4280.88 (89e2380a3e36c3464b5dd1302349b1382549290d-refs/branch-heads/4280@{#1761}) on port 36783
Only local connections are allowed.
Please see https://chromedriver.chromium.org/security-considerations for suggestions on keeping ChromeDriver safe.
ChromeDriver was started successfully.
Jan 02, 2021 5:13:56 PM org.openqa.selenium.remote.ProtocolHandshake createSession
INFO: Detected dialect: W3C
]]></system-err>
  </testcase>
  <testcase name="Invalid data and messages in different languages" classname="Subscribe to the Newsletter" time="15.509">
    <system-out><![CDATA[***Country = Brasil
***Actual Message = Por favor, digite um e-mail válido.
]]></system-out>
    <system-err><![CDATA[Starting ChromeDriver 87.0.4280.88 (89e2380a3e36c3464b5dd1302349b1382549290d-refs/branch-heads/4280@{#1761}) on port 45111
Only local connections are allowed.
Please see https://chromedriver.chromium.org/security-considerations for suggestions on keeping ChromeDriver safe.
ChromeDriver was started successfully.
Jan 02, 2021 5:14:10 PM org.openqa.selenium.remote.ProtocolHandshake createSession
INFO: Detected dialect: W3C
]]></system-err>
  </testcase>
  <testcase name="Invalid data and messages in different languages" classname="Subscribe to the Newsletter" time="14.64">
    <system-out><![CDATA[***Country = Portugal
***Actual Message = Por favor insira um e-mail válido
]]></system-out>
    <system-err><![CDATA[Starting ChromeDriver 87.0.4280.88 (89e2380a3e36c3464b5dd1302349b1382549290d-refs/branch-heads/4280@{#1761}) on port 43842
Only local connections are allowed.
Please see https://chromedriver.chromium.org/security-considerations for suggestions on keeping ChromeDriver safe.
ChromeDriver was started successfully.
Jan 02, 2021 5:14:26 PM org.openqa.selenium.remote.ProtocolHandshake createSession
INFO: Detected dialect: W3C
]]></system-err>
  </testcase>
  <testcase name="Invalid data and messages in different languages" classname="Subscribe to the Newsletter" time="13.873">
    <system-out><![CDATA[***Country = México
***Actual Message = Opción inválida
]]></system-out>
    <system-err><![CDATA[Starting ChromeDriver 87.0.4280.88 (89e2380a3e36c3464b5dd1302349b1382549290d-refs/branch-heads/4280@{#1761}) on port 23309
Only local connections are allowed.
Please see https://chromedriver.chromium.org/security-considerations for suggestions on keeping ChromeDriver safe.
ChromeDriver was started successfully.
Jan 02, 2021 5:14:41 PM org.openqa.selenium.remote.ProtocolHandshake createSession
INFO: Detected dialect: W3C
]]></system-err>
  </testcase>
  <testcase name="Invalid data and messages in different languages" classname="Subscribe to the Newsletter" time="14.03">
    <system-out><![CDATA[***Country = Ireland
***Actual Message = Please enter a valid e-mail address
]]></system-out>
    <system-err><![CDATA[Starting ChromeDriver 87.0.4280.88 (89e2380a3e36c3464b5dd1302349b1382549290d-refs/branch-heads/4280@{#1761}) on port 2761
Only local connections are allowed.
Please see https://chromedriver.chromium.org/security-considerations for suggestions on keeping ChromeDriver safe.
ChromeDriver was started successfully.
Jan 02, 2021 5:14:54 PM org.openqa.selenium.remote.ProtocolHandshake createSession
INFO: Detected dialect: W3C
]]></system-err>
  </testcase>
  <testcase name="Invalid data and messages in different languages" classname="Subscribe to the Newsletter" time="14.173">
    <system-out><![CDATA[***Country = United Kingdom
***Actual Message = Please enter a valid email address
]]></system-out>
    <system-err><![CDATA[Starting ChromeDriver 87.0.4280.88 (89e2380a3e36c3464b5dd1302349b1382549290d-refs/branch-heads/4280@{#1761}) on port 24040
Only local connections are allowed.
Please see https://chromedriver.chromium.org/security-considerations for suggestions on keeping ChromeDriver safe.
ChromeDriver was started successfully.
Jan 02, 2021 5:15:08 PM org.openqa.selenium.remote.ProtocolHandshake createSession
INFO: Detected dialect: W3C
]]></system-err>
  </testcase>
  <testcase name="Invalid data and messages in different languages" classname="Subscribe to the Newsletter" time="13.952">
    <system-out><![CDATA[***Country = Norge
***Actual Message = Vennligst oppgi en gyldig e-postadresse
]]></system-out>
    <system-err><![CDATA[Starting ChromeDriver 87.0.4280.88 (89e2380a3e36c3464b5dd1302349b1382549290d-refs/branch-heads/4280@{#1761}) on port 18115
Only local connections are allowed.
Please see https://chromedriver.chromium.org/security-considerations for suggestions on keeping ChromeDriver safe.
ChromeDriver was started successfully.
Jan 02, 2021 5:15:23 PM org.openqa.selenium.remote.ProtocolHandshake createSession
INFO: Detected dialect: W3C
]]></system-err>
  </testcase>
  <testcase name="Invalid data and messages in different languages" classname="Subscribe to the Newsletter" time="14.023">
    <system-out><![CDATA[***Country = Sverige
***Actual Message = Vänligen uppge en giltig e-postadress
]]></system-out>
    <system-err><![CDATA[Starting ChromeDriver 87.0.4280.88 (89e2380a3e36c3464b5dd1302349b1382549290d-refs/branch-heads/4280@{#1761}) on port 7012
Only local connections are allowed.
Please see https://chromedriver.chromium.org/security-considerations for suggestions on keeping ChromeDriver safe.
ChromeDriver was started successfully.
Jan 02, 2021 5:15:37 PM org.openqa.selenium.remote.ProtocolHandshake createSession
INFO: Detected dialect: W3C
]]></system-err>
  </testcase>
</testsuite>