<?xml version="1.0" encoding="UTF-8"?>
<testsuite xmlns:xsi="http://www.w3.org/2001/XMLSchema-instance" xsi:noNamespaceSchemaLocation="https://maven.apache.org/surefire/maven-surefire-plugin/xsd/surefire-test-report-3.0.xsd" version="3.0" name="com.room5.trivago.runners.CukesRunner" time="634.888" tests="46" errors="2" skipped="0" failures="0">
  <properties>
[...]
</properties>
  <testcase name="Destination links go to page title" classname="Basepage/Mainmenu functions" time="14.619">
    <system-out><![CDATA[	this is coming from BEFORE
expected = Northwest
actual = Northwest
]]></system-out>
    <system-err><![CDATA[SLF4J: Failed to load class "org.slf4j.impl.StaticLoggerBinder".
SLF4J: Defaulting to no-operation (NOP) logger implementation
SLF4J: See http://www.slf4j.org/codes.html#StaticLoggerBinder for further details.
Starting ChromeDriver 87.0.4280.88 (89e2380a3e36c3464b5dd1302349b1382549290d-refs/branch-heads/4280@{#1761}) on port 35982
Only local connections are allowed.
Please see https://chromedriver.chromium.org/security-considerations for suggestions on keeping ChromeDriver safe.
ChromeDriver was started successfully.
Dec 25, 2020 10:28:33 AM org.openqa.selenium.remote.ProtocolHandshake createSession
INFO: Detected dialect: W3C
]]></system-err>
  </testcase>
  <testcase name="Destination links go to page title" classname="Basepage/Mainmenu functions" time="13.361">
    <system-out><![CDATA[	this is coming from BEFORE
expected = Southwest
actual = Southwest
]]></system-out>
    <system-err><![CDATA[Starting ChromeDriver 87.0.4280.88 (89e2380a3e36c3464b5dd1302349b1382549290d-refs/branch-heads/4280@{#1761}) on port 14235
Only local connections are allowed.
Please see https://chromedriver.chromium.org/security-considerations for suggestions on keeping ChromeDriver safe.
ChromeDriver was started successfully.
Dec 25, 2020 10:28:46 AM org.openqa.selenium.remote.ProtocolHandshake createSession
INFO: Detected dialect: W3C
]]></system-err>
  </testcase>
  <testcase name="Destination links go to page title" classname="Basepage/Mainmenu functions" time="12.751">
    <system-out><![CDATA[	this is coming from BEFORE
expected = Midwest
actual = Midwest
]]></system-out>
    <system-err><![CDATA[Starting ChromeDriver 87.0.4280.88 (89e2380a3e36c3464b5dd1302349b1382549290d-refs/branch-heads/4280@{#1761}) on port 38454
Only local connections are allowed.
Please see https://chromedriver.chromium.org/security-considerations for suggestions on keeping ChromeDriver safe.
ChromeDriver was started successfully.
Dec 25, 2020 10:28:59 AM org.openqa.selenium.remote.ProtocolHandshake createSession
INFO: Detected dialect: W3C
]]></system-err>
  </testcase>
  <testcase name="Destination links go to page title" classname="Basepage/Mainmenu functions" time="13.216">
    <system-out><![CDATA[	this is coming from BEFORE
expected = Southeast
actual = Southeast
]]></system-out>
    <system-err><![CDATA[Starting ChromeDriver 87.0.4280.88 (89e2380a3e36c3464b5dd1302349b1382549290d-refs/branch-heads/4280@{#1761}) on port 32767
Only local connections are allowed.
Please see https://chromedriver.chromium.org/security-considerations for suggestions on keeping ChromeDriver safe.
ChromeDriver was started successfully.
Dec 25, 2020 10:29:13 AM org.openqa.selenium.remote.ProtocolHandshake createSession
INFO: Detected dialect: W3C
]]></system-err>
  </testcase>
  <testcase name="Destination links go to page title" classname="Basepage/Mainmenu functions" time="12.402">
    <system-out><![CDATA[	this is coming from BEFORE
expected = Northeast
actual = Northeast
]]></system-out>
    <system-err><![CDATA[Starting ChromeDriver 87.0.4280.88 (89e2380a3e36c3464b5dd1302349b1382549290d-refs/branch-heads/4280@{#1761}) on port 24500
Only local connections are allowed.
Please see https://chromedriver.chromium.org/security-considerations for suggestions on keeping ChromeDriver safe.
ChromeDriver was started successfully.
Dec 25, 2020 10:29:25 AM org.openqa.selenium.remote.ProtocolHandshake createSession
INFO: Detected dialect: W3C
]]></system-err>
  </testcase>
  <testcase name="Destination menu has following datas" classname="Basepage/Mainmenu functions" time="12.457">
    <system-out><![CDATA[	this is coming from BEFORE
]]></system-out>
    <system-err><![CDATA[Starting ChromeDriver 87.0.4280.88 (89e2380a3e36c3464b5dd1302349b1382549290d-refs/branch-heads/4280@{#1761}) on port 45611
Only local connections are allowed.
Please see https://chromedriver.chromium.org/security-considerations for suggestions on keeping ChromeDriver safe.
ChromeDriver was started successfully.
Dec 25, 2020 10:29:38 AM org.openqa.selenium.remote.ProtocolHandshake createSession
INFO: Detected dialect: W3C
]]></system-err>
  </testcase>
  <testcase name="Search function" classname="Basepage/Mainmenu functions" time="12.51">
    <system-out><![CDATA[	this is coming from BEFORE
Search Report :6 Search Results
]]></system-out>
    <system-err><![CDATA[Starting ChromeDriver 87.0.4280.88 (89e2380a3e36c3464b5dd1302349b1382549290d-refs/branch-heads/4280@{#1761}) on port 47424
Only local connections are allowed.
Please see https://chromedriver.chromium.org/security-considerations for suggestions on keeping ChromeDriver safe.
ChromeDriver was started successfully.
Dec 25, 2020 10:29:50 AM org.openqa.selenium.remote.ProtocolHandshake createSession
INFO: Detected dialect: W3C
]]></system-err>
  </testcase>
  <testcase name="Search function" classname="Basepage/Mainmenu functions" time="12.642">
    <system-out><![CDATA[	this is coming from BEFORE
Search Report :No results
]]></system-out>
    <system-err><![CDATA[Starting ChromeDriver 87.0.4280.88 (89e2380a3e36c3464b5dd1302349b1382549290d-refs/branch-heads/4280@{#1761}) on port 17199
Only local connections are allowed.
Please see https://chromedriver.chromium.org/security-considerations for suggestions on keeping ChromeDriver safe.
ChromeDriver was started successfully.
Dec 25, 2020 10:30:02 AM org.openqa.selenium.remote.ProtocolHandshake createSession
INFO: Detected dialect: W3C
]]></system-err>
  </testcase>
  <testcase name="Search function" classname="Basepage/Mainmenu functions" time="12.95">
    <system-out><![CDATA[	this is coming from BEFORE
Search Report :6 Search Results
]]></system-out>
    <system-err><![CDATA[Starting ChromeDriver 87.0.4280.88 (89e2380a3e36c3464b5dd1302349b1382549290d-refs/branch-heads/4280@{#1761}) on port 17137
Only local connections are allowed.
Please see https://chromedriver.chromium.org/security-considerations for suggestions on keeping ChromeDriver safe.
ChromeDriver was started successfully.
Dec 25, 2020 10:30:15 AM org.openqa.selenium.remote.ProtocolHandshake createSession
INFO: Detected dialect: W3C
]]></system-err>
  </testcase>
  <testcase name="Search function" classname="Basepage/Mainmenu functions" time="12.56">
    <system-out><![CDATA[	this is coming from BEFORE
Search Report :No results
]]></system-out>
    <system-err><![CDATA[Starting ChromeDriver 87.0.4280.88 (89e2380a3e36c3464b5dd1302349b1382549290d-refs/branch-heads/4280@{#1761}) on port 41886
Only local connections are allowed.
Please see https://chromedriver.chromium.org/security-considerations for suggestions on keeping ChromeDriver safe.
ChromeDriver was started successfully.
Dec 25, 2020 10:30:28 AM org.openqa.selenium.remote.ProtocolHandshake createSession
INFO: Detected dialect: W3C
]]></system-err>
  </testcase>
  <testcase name="Search function" classname="Basepage/Mainmenu functions" time="12.592">
    <system-out><![CDATA[	this is coming from BEFORE
Search Report :4 Search Results
]]></system-out>
    <system-err><![CDATA[Starting ChromeDriver 87.0.4280.88 (89e2380a3e36c3464b5dd1302349b1382549290d-refs/branch-heads/4280@{#1761}) on port 15358
Only local connections are allowed.
Please see https://chromedriver.chromium.org/security-considerations for suggestions on keeping ChromeDriver safe.
ChromeDriver was started successfully.
Dec 25, 2020 10:30:41 AM org.openqa.selenium.remote.ProtocolHandshake createSession
INFO: Detected dialect: W3C
]]></system-err>
  </testcase>
  <testcase name="With valid data" classname="Contact page sending message" time="14.8">
    <system-out><![CDATA[	this is coming from BEFORE
contactPage = Message Sent Successfully!
]]></system-out>
    <system-err><![CDATA[Starting ChromeDriver 87.0.4280.88 (89e2380a3e36c3464b5dd1302349b1382549290d-refs/branch-heads/4280@{#1761}) on port 14293
Only local connections are allowed.
Please see https://chromedriver.chromium.org/security-considerations for suggestions on keeping ChromeDriver safe.
ChromeDriver was started successfully.
Dec 25, 2020 10:30:53 AM org.openqa.selenium.remote.ProtocolHandshake createSession
INFO: Detected dialect: W3C
]]></system-err>
  </testcase>
  <testcase name="Valid data and messages in different languages" classname="Subscribe to the Newsletter" time="13.61">
    <system-out><![CDATA[	this is coming from BEFORE
18
Italia
España
Deutschland
France
USA
Canada
Australia
Suomi
Türkiye
Brasil
Portugal
México
Ireland
United Kingdom
Norge
Sverige
Singapore
Argentina
***Country = USA
***Actual Message = You are now checked-in!
]]></system-out>
    <system-err><![CDATA[Starting ChromeDriver 87.0.4280.88 (89e2380a3e36c3464b5dd1302349b1382549290d-refs/branch-heads/4280@{#1761}) on port 12845
Only local connections are allowed.
Please see https://chromedriver.chromium.org/security-considerations for suggestions on keeping ChromeDriver safe.
ChromeDriver was started successfully.
Dec 25, 2020 10:31:08 AM org.openqa.selenium.remote.ProtocolHandshake createSession
INFO: Detected dialect: W3C
]]></system-err>
  </testcase>
  <testcase name="Valid data and messages in different languages" classname="Subscribe to the Newsletter" time="14.702">
    <system-out><![CDATA[	this is coming from BEFORE
18
Italia
España
Deutschland
France
USA
Canada
Australia
Suomi
Türkiye
Brasil
Portugal
México
Ireland
United Kingdom
Norge
Sverige
Singapore
Argentina
***Country = Canada
***Actual Message = We have sent you an e-mail to confirm your registration. If nothing is received, please also check your spam folder.
]]></system-out>
    <system-err><![CDATA[Starting ChromeDriver 87.0.4280.88 (89e2380a3e36c3464b5dd1302349b1382549290d-refs/branch-heads/4280@{#1761}) on port 16542
Only local connections are allowed.
Please see https://chromedriver.chromium.org/security-considerations for suggestions on keeping ChromeDriver safe.
ChromeDriver was started successfully.
Dec 25, 2020 10:31:22 AM org.openqa.selenium.remote.ProtocolHandshake createSession
INFO: Detected dialect: W3C
]]></system-err>
  </testcase>
  <testcase name="Valid data and messages in different languages" classname="Subscribe to the Newsletter" time="15.516">
    <system-out><![CDATA[	this is coming from BEFORE
18
Italia
España
Deutschland
France
USA
Canada
Australia
Suomi
Türkiye
Brasil
Portugal
México
Ireland
United Kingdom
Norge
Sverige
Singapore
Argentina
***Country = Australia
***Actual Message = You're now checked-in!
]]></system-out>
    <system-err><![CDATA[Starting ChromeDriver 87.0.4280.88 (89e2380a3e36c3464b5dd1302349b1382549290d-refs/branch-heads/4280@{#1761}) on port 48079
Only local connections are allowed.
Please see https://chromedriver.chromium.org/security-considerations for suggestions on keeping ChromeDriver safe.
ChromeDriver was started successfully.
Dec 25, 2020 10:31:36 AM org.openqa.selenium.remote.ProtocolHandshake createSession
INFO: Detected dialect: W3C
]]></system-err>
  </testcase>
  <testcase name="Valid data and messages in different languages" classname="Subscribe to the Newsletter" time="14.251">
    <system-out><![CDATA[	this is coming from BEFORE
18
Italia
España
Deutschland
France
USA
Canada
Australia
Suomi
Türkiye
Brasil
Portugal
México
Ireland
United Kingdom
Norge
Sverige
Singapore
Argentina
***Country = Deutschland
***Actual Message = Wir haben Dir eine E-Mail zum Bestätigen Deiner Anmeldung geschickt. Sollte nichts eingegangen sein, überprüfe bitte auch Deinen Spam-Ordner.
]]></system-out>
    <system-err><![CDATA[Starting ChromeDriver 87.0.4280.88 (89e2380a3e36c3464b5dd1302349b1382549290d-refs/branch-heads/4280@{#1761}) on port 40457
Only local connections are allowed.
Please see https://chromedriver.chromium.org/security-considerations for suggestions on keeping ChromeDriver safe.
ChromeDriver was started successfully.
Dec 25, 2020 10:31:52 AM org.openqa.selenium.remote.ProtocolHandshake createSession
INFO: Detected dialect: W3C
]]></system-err>
  </testcase>
  <testcase name="Valid data and messages in different languages" classname="Subscribe to the Newsletter" time="14.153">
    <system-out><![CDATA[	this is coming from BEFORE
18
Italia
España
Deutschland
France
USA
Canada
Australia
Suomi
Türkiye
Brasil
Portugal
México
Ireland
United Kingdom
Norge
Sverige
Singapore
Argentina
***Country = France
***Actual Message = Un e-mail de confirmation vous a été envoyé. Vous ne retrouvez pas votre e-mail de confirmation ? Merci de vérifier votre dossier “courrier indésirable”.
]]></system-out>
    <system-err><![CDATA[Starting ChromeDriver 87.0.4280.88 (89e2380a3e36c3464b5dd1302349b1382549290d-refs/branch-heads/4280@{#1761}) on port 44782
Only local connections are allowed.
Please see https://chromedriver.chromium.org/security-considerations for suggestions on keeping ChromeDriver safe.
ChromeDriver was started successfully.
Dec 25, 2020 10:32:06 AM org.openqa.selenium.remote.ProtocolHandshake createSession
INFO: Detected dialect: W3C
]]></system-err>
  </testcase>
  <testcase name="Valid data and messages in different languages" classname="Subscribe to the Newsletter" time="14.32">
    <system-out><![CDATA[	this is coming from BEFORE
18
Italia
España
Deutschland
France
USA
Canada
Australia
Suomi
Türkiye
Brasil
Portugal
México
Ireland
United Kingdom
Norge
Sverige
Singapore
Argentina
***Country = Italia
***Actual Message = Ti abbiamo inviato una e-mail per confermare la tua registrazione. Se non viene ricevuto nulla, controlla anche la cartella dello spam.
]]></system-out>
    <system-err><![CDATA[Starting ChromeDriver 87.0.4280.88 (89e2380a3e36c3464b5dd1302349b1382549290d-refs/branch-heads/4280@{#1761}) on port 27420
Only local connections are allowed.
Please see https://chromedriver.chromium.org/security-considerations for suggestions on keeping ChromeDriver safe.
ChromeDriver was started successfully.
Dec 25, 2020 10:32:20 AM org.openqa.selenium.remote.ProtocolHandshake createSession
INFO: Detected dialect: W3C
]]></system-err>
  </testcase>
  <testcase name="Valid data and messages in different languages" classname="Subscribe to the Newsletter" time="14.061">
    <system-out><![CDATA[	this is coming from BEFORE
18
Italia
España
Deutschland
France
USA
Canada
Australia
Suomi
Türkiye
Brasil
Portugal
México
Ireland
United Kingdom
Norge
Sverige
Singapore
Argentina
***Country = España
***Actual Message = Te hemos enviado un correo electrónico para confirmar tu registro. Si no lo has recibido, por favor comprueba tu carpeta de correo no deseado.
]]></system-out>
    <system-err><![CDATA[Starting ChromeDriver 87.0.4280.88 (89e2380a3e36c3464b5dd1302349b1382549290d-refs/branch-heads/4280@{#1761}) on port 7922
Only local connections are allowed.
Please see https://chromedriver.chromium.org/security-considerations for suggestions on keeping ChromeDriver safe.
ChromeDriver was started successfully.
Dec 25, 2020 10:32:35 AM org.openqa.selenium.remote.ProtocolHandshake createSession
INFO: Detected dialect: W3C
]]></system-err>
  </testcase>
  <testcase name="Valid data and messages in different languages" classname="Subscribe to the Newsletter" time="14.193">
    <system-out><![CDATA[	this is coming from BEFORE
18
Italia
España
Deutschland
France
USA
Canada
Australia
Suomi
Türkiye
Brasil
Portugal
México
Ireland
United Kingdom
Norge
Sverige
Singapore
Argentina
***Country = Suomi
***Actual Message = Olemme lähettäneet sinulle sähköpostitse pyynnön vahvistaa rekisteröitymisesi. Mikäli et ole saanut viestiä, tarkista myös roskapostikansiosi.
]]></system-out>
    <system-err><![CDATA[Starting ChromeDriver 87.0.4280.88 (89e2380a3e36c3464b5dd1302349b1382549290d-refs/branch-heads/4280@{#1761}) on port 8875
Only local connections are allowed.
Please see https://chromedriver.chromium.org/security-considerations for suggestions on keeping ChromeDriver safe.
ChromeDriver was started successfully.
Dec 25, 2020 10:32:49 AM org.openqa.selenium.remote.ProtocolHandshake createSession
INFO: Detected dialect: W3C
]]></system-err>
  </testcase>
  <testcase name="Valid data and messages in different languages" classname="Subscribe to the Newsletter" time="15.432">
    <system-out><![CDATA[	this is coming from BEFORE
18
Italia
España
Deutschland
France
USA
Canada
Australia
Suomi
Türkiye
Brasil
Portugal
México
Ireland
United Kingdom
Norge
Sverige
Singapore
Argentina
***Country = Brasil
***Actual Message = Obrigado por se inscrever a nossa newsletter
]]></system-out>
    <system-err><![CDATA[Starting ChromeDriver 87.0.4280.88 (89e2380a3e36c3464b5dd1302349b1382549290d-refs/branch-heads/4280@{#1761}) on port 35404
Only local connections are allowed.
Please see https://chromedriver.chromium.org/security-considerations for suggestions on keeping ChromeDriver safe.
ChromeDriver was started successfully.
Dec 25, 2020 10:33:03 AM org.openqa.selenium.remote.ProtocolHandshake createSession
INFO: Detected dialect: W3C
]]></system-err>
  </testcase>
  <testcase name="Valid data and messages in different languages" classname="Subscribe to the Newsletter" time="14.415">
    <system-out><![CDATA[	this is coming from BEFORE
18
Italia
España
Deutschland
France
USA
Canada
Australia
Suomi
Türkiye
Brasil
Portugal
México
Ireland
United Kingdom
Norge
Sverige
Singapore
Argentina
***Country = Portugal
***Actual Message = Acabamos de lhe enviar um e-mail para confirmar seu registro. Se não o recebeu, por favor, verifique também na sua pasta de spam.
]]></system-out>
    <system-err><![CDATA[Starting ChromeDriver 87.0.4280.88 (89e2380a3e36c3464b5dd1302349b1382549290d-refs/branch-heads/4280@{#1761}) on port 19036
Only local connections are allowed.
Please see https://chromedriver.chromium.org/security-considerations for suggestions on keeping ChromeDriver safe.
ChromeDriver was started successfully.
Dec 25, 2020 10:33:18 AM org.openqa.selenium.remote.ProtocolHandshake createSession
INFO: Detected dialect: W3C
]]></system-err>
  </testcase>
  <testcase name="Valid data and messages in different languages" classname="Subscribe to the Newsletter" time="15.101">
    <system-out><![CDATA[	this is coming from BEFORE
18
Italia
España
Deutschland
France
USA
Canada
Australia
Suomi
Türkiye
Brasil
Portugal
México
Ireland
United Kingdom
Norge
Sverige
Singapore
Argentina
***Country = México
***Actual Message = Felicidades por unirte a trivago Magazine
]]></system-out>
    <system-err><![CDATA[Starting ChromeDriver 87.0.4280.88 (89e2380a3e36c3464b5dd1302349b1382549290d-refs/branch-heads/4280@{#1761}) on port 43616
Only local connections are allowed.
Please see https://chromedriver.chromium.org/security-considerations for suggestions on keeping ChromeDriver safe.
ChromeDriver was started successfully.
Dec 25, 2020 10:33:33 AM org.openqa.selenium.remote.ProtocolHandshake createSession
INFO: Detected dialect: W3C
]]></system-err>
  </testcase>
  <testcase name="Valid data and messages in different languages" classname="Subscribe to the Newsletter" time="14.16">
    <system-out><![CDATA[	this is coming from BEFORE
18
Italia
España
Deutschland
France
USA
Canada
Australia
Suomi
Türkiye
Brasil
Portugal
México
Ireland
United Kingdom
Norge
Sverige
Singapore
Argentina
***Country = Ireland
***Actual Message = We have sent you an e-mail to confirm your registration. If nothing is received, please also check your spam folder.
]]></system-out>
    <system-err><![CDATA[Starting ChromeDriver 87.0.4280.88 (89e2380a3e36c3464b5dd1302349b1382549290d-refs/branch-heads/4280@{#1761}) on port 39115
Only local connections are allowed.
Please see https://chromedriver.chromium.org/security-considerations for suggestions on keeping ChromeDriver safe.
ChromeDriver was started successfully.
Dec 25, 2020 10:33:48 AM org.openqa.selenium.remote.ProtocolHandshake createSession
INFO: Detected dialect: W3C
]]></system-err>
  </testcase>
  <testcase name="Valid data and messages in different languages" classname="Subscribe to the Newsletter" time="14.145">
    <system-out><![CDATA[	this is coming from BEFORE
18
Italia
España
Deutschland
France
USA
Canada
Australia
Suomi
Türkiye
Brasil
Portugal
México
Ireland
United Kingdom
Norge
Sverige
Singapore
Argentina
***Country = United Kingdom
***Actual Message = We have sent you an e-mail to confirm your registration. If nothing is received, please also check your spam folder.
]]></system-out>
    <system-err><![CDATA[Starting ChromeDriver 87.0.4280.88 (89e2380a3e36c3464b5dd1302349b1382549290d-refs/branch-heads/4280@{#1761}) on port 31204
Only local connections are allowed.
Please see https://chromedriver.chromium.org/security-considerations for suggestions on keeping ChromeDriver safe.
ChromeDriver was started successfully.
Dec 25, 2020 10:34:02 AM org.openqa.selenium.remote.ProtocolHandshake createSession
INFO: Detected dialect: W3C
]]></system-err>
  </testcase>
  <testcase name="Valid data and messages in different languages" classname="Subscribe to the Newsletter" time="14.392">
    <system-out><![CDATA[	this is coming from BEFORE
18
Italia
España
Deutschland
France
USA
Canada
Australia
Suomi
Türkiye
Brasil
Portugal
México
Ireland
United Kingdom
Norge
Sverige
Singapore
Argentina
***Country = Norge
***Actual Message = Vi har sendt deg en e-post med en bekreftelse på din påmelding. Hvis du ikke kan se e-posten, så ber vi deg sjekke søppelposten.
]]></system-out>
    <system-err><![CDATA[Starting ChromeDriver 87.0.4280.88 (89e2380a3e36c3464b5dd1302349b1382549290d-refs/branch-heads/4280@{#1761}) on port 19840
Only local connections are allowed.
Please see https://chromedriver.chromium.org/security-considerations for suggestions on keeping ChromeDriver safe.
ChromeDriver was started successfully.
Dec 25, 2020 10:34:16 AM org.openqa.selenium.remote.ProtocolHandshake createSession
INFO: Detected dialect: W3C
]]></system-err>
  </testcase>
  <testcase name="Valid data and messages in different languages" classname="Subscribe to the Newsletter" time="14.093">
    <system-out><![CDATA[	this is coming from BEFORE
18
Italia
España
Deutschland
France
USA
Canada
Australia
Suomi
Türkiye
Brasil
Portugal
México
Ireland
United Kingdom
Norge
Sverige
Singapore
Argentina
***Country = Sverige
***Actual Message = Vi har skickat dig e-post som bekräftelse på din registrering. Om du inte kan hitta e-posten, ber vi dig att kolla din skräppost.
]]></system-out>
    <system-err><![CDATA[Starting ChromeDriver 87.0.4280.88 (89e2380a3e36c3464b5dd1302349b1382549290d-refs/branch-heads/4280@{#1761}) on port 25465
Only local connections are allowed.
Please see https://chromedriver.chromium.org/security-considerations for suggestions on keeping ChromeDriver safe.
ChromeDriver was started successfully.
Dec 25, 2020 10:34:30 AM org.openqa.selenium.remote.ProtocolHandshake createSession
INFO: Detected dialect: W3C
]]></system-err>
  </testcase>
  <testcase name="Valid data and messages in different languages" classname="Subscribe to the Newsletter" time="8.752">
    <error message="no such element: Unable to locate element: {&quot;method&quot;:&quot;xpath&quot;,&quot;selector&quot;:&quot;//div[@class=&apos;newsletter-email&apos;]/input&quot;}&#10;  (Session info: headless chrome=87.0.4280.88)&#10;For documentation on this error, please visit: https://www.seleniumhq.org/exceptions/no_such_element.html&#10;Build info: version: &apos;3.141.59&apos;, revision: &apos;e82be7d358&apos;, time: &apos;2018-11-14T08:17:03&apos;&#10;System info: host: &apos;DESKTOP-IULL9DI&apos;, ip: &apos;192.168.0.90&apos;, os.name: &apos;Windows 10&apos;, os.arch: &apos;amd64&apos;, os.version: &apos;10.0&apos;, java.version: &apos;12.0.2&apos;&#10;Driver info: org.openqa.selenium.chrome.ChromeDriver&#10;Capabilities {acceptInsecureCerts: false, browserName: chrome, browserVersion: 87.0.4280.88, chrome: {chromedriverVersion: 87.0.4280.88 (89e2380a3e36c..., userDataDir: C:\Users\asd\AppData\Local\...}, goog:chromeOptions: {debuggerAddress: localhost:56234}, javascriptEnabled: true, networkConnectionEnabled: false, pageLoadStrategy: normal, platform: WINDOWS, platformName: WINDOWS, proxy: Proxy(), setWindowRect: true, strictFileInteractability: false, timeouts: {implicit: 0, pageLoad: 300000, script: 30000}, unhandledPromptBehavior: dismiss and notify, webauthn:virtualAuthenticators: true}&#10;Session ID: 0bd0e58e0880fe1904db5fd2874414cc&#10;*** Element info: {Using=xpath, value=//div[@class=&apos;newsletter-email&apos;]/input}" type="org.openqa.selenium.NoSuchElementException"><![CDATA[org.openqa.selenium.NoSuchElementException: 
no such element: Unable to locate element: {"method":"xpath","selector":"//div[@class='newsletter-email']/input"}
  (Session info: headless chrome=87.0.4280.88)
For documentation on this error, please visit: https://www.seleniumhq.org/exceptions/no_such_element.html
Build info: version: '3.141.59', revision: 'e82be7d358', time: '2018-11-14T08:17:03'
System info: host: 'DESKTOP-IULL9DI', ip: '192.168.0.90', os.name: 'Windows 10', os.arch: 'amd64', os.version: '10.0', java.version: '12.0.2'
Driver info: org.openqa.selenium.chrome.ChromeDriver
Capabilities {acceptInsecureCerts: false, browserName: chrome, browserVersion: 87.0.4280.88, chrome: {chromedriverVersion: 87.0.4280.88 (89e2380a3e36c..., userDataDir: C:\Users\asd\AppData\Local\...}, goog:chromeOptions: {debuggerAddress: localhost:56234}, javascriptEnabled: true, networkConnectionEnabled: false, pageLoadStrategy: normal, platform: WINDOWS, platformName: WINDOWS, proxy: Proxy(), setWindowRect: true, strictFileInteractability: false, timeouts: {implicit: 0, pageLoad: 300000, script: 30000}, unhandledPromptBehavior: dismiss and notify, webauthn:virtualAuthenticators: true}
Session ID: 0bd0e58e0880fe1904db5fd2874414cc
*** Element info: {Using=xpath, value=//div[@class='newsletter-email']/input}
]]></error>
    <system-out><![CDATA[	this is coming from BEFORE
18
Italia
España
Deutschland
France
USA
Canada
Australia
Suomi
Türkiye
Brasil
Portugal
México
Ireland
United Kingdom
Norge
Sverige
Singapore
Argentina
***Country = Singapore
]]></system-out>
    <system-err><![CDATA[Starting ChromeDriver 87.0.4280.88 (89e2380a3e36c3464b5dd1302349b1382549290d-refs/branch-heads/4280@{#1761}) on port 22285
Only local connections are allowed.
Please see https://chromedriver.chromium.org/security-considerations for suggestions on keeping ChromeDriver safe.
ChromeDriver was started successfully.
Dec 25, 2020 10:34:45 AM org.openqa.selenium.remote.ProtocolHandshake createSession
INFO: Detected dialect: W3C
]]></system-err>
  </testcase>
  <testcase name="Valid data and messages in different languages" classname="Subscribe to the Newsletter" time="15.054">
    <system-out><![CDATA[	this is coming from BEFORE
18
Italia
España
Deutschland
France
USA
Canada
Australia
Suomi
Türkiye
Brasil
Portugal
México
Ireland
United Kingdom
Norge
Sverige
Singapore
Argentina
***Country = Argentina
***Actual Message = ¡Felicitaciones por unirte a trivago Magazine!
]]></system-out>
    <system-err><![CDATA[Starting ChromeDriver 87.0.4280.88 (89e2380a3e36c3464b5dd1302349b1382549290d-refs/branch-heads/4280@{#1761}) on port 44874
Only local connections are allowed.
Please see https://chromedriver.chromium.org/security-considerations for suggestions on keeping ChromeDriver safe.
ChromeDriver was started successfully.
Dec 25, 2020 10:34:53 AM org.openqa.selenium.remote.ProtocolHandshake createSession
INFO: Detected dialect: W3C
]]></system-err>
  </testcase>
  <testcase name="Valid data and messages in different languages" classname="Subscribe to the Newsletter" time="12.104">
    <error message="The step &quot;Verify that user gets  newsletter subscription &quot;Abonelik kaydınızı tamamlamanız bir e-posta gönderdik. Eğer e-postayı almadıysanız lütfen &quot;Spam&quot; bölümünü kontrol ediniz.&quot; in the own language&quot; is undefined. You can implement it using the snippet(s) below:&#10;&#10;@Then(&quot;Verify that user gets  newsletter subscription \&quot;Abonelik kaydınızı tamamlamanız bir e-posta gönderdik. Eğer e-postayı almadıysanız lütfen \&quot;Spam\&quot; bölümünü kontrol ediniz.\&quot; in the own language&quot;)&#10;public void verify_that_user_gets_newsletter_subscription_Abonelik_kaydınızı_tamamlamanız_bir_e_posta_gönderdik_Eğer_e_postayı_almadıysanız_lütfen_Spam_bölümünü_kontrol_ediniz_in_the_own_language() {&#10;    // Write code here that turns the phrase above into concrete actions&#10;    throw new io.cucumber.java.PendingException();&#10;}&#10;" type="io.cucumber.junit.UndefinedStepException"><![CDATA[io.cucumber.junit.UndefinedStepException: 
The step "Verify that user gets  newsletter subscription "Abonelik kaydınızı tamamlamanız bir e-posta gönderdik. Eğer e-postayı almadıysanız lütfen "Spam" bölümünü kontrol ediniz." in the own language" is undefined. You can implement it using the snippet(s) below:

@Then("Verify that user gets  newsletter subscription \"Abonelik kaydınızı tamamlamanız bir e-posta gönderdik. Eğer e-postayı almadıysanız lütfen \"Spam\" bölümünü kontrol ediniz.\" in the own language")
public void verify_that_user_gets_newsletter_subscription_Abonelik_kaydınızı_tamamlamanız_bir_e_posta_gönderdik_Eğer_e_postayı_almadıysanız_lütfen_Spam_bölümünü_kontrol_ediniz_in_the_own_language() {
    // Write code here that turns the phrase above into concrete actions
    throw new io.cucumber.java.PendingException();
}

]]></error>
    <system-out><![CDATA[	this is coming from BEFORE
18
Italia
España
Deutschland
France
USA
Canada
Australia
Suomi
Türkiye
Brasil
Portugal
México
Ireland
United Kingdom
Norge
Sverige
Singapore
Argentina
***Country = Türkiye
***Actual Message = Abonelik kaydınızı tamamlamanız bir e-posta gönderdik. Eğer e-postayı almadıysanız lütfen "Spam" bölümünü kontrol ediniz.
]]></system-out>
    <system-err><![CDATA[Starting ChromeDriver 87.0.4280.88 (89e2380a3e36c3464b5dd1302349b1382549290d-refs/branch-heads/4280@{#1761}) on port 32403
Only local connections are allowed.
Please see https://chromedriver.chromium.org/security-considerations for suggestions on keeping ChromeDriver safe.
ChromeDriver was started successfully.
Dec 25, 2020 10:35:08 AM org.openqa.selenium.remote.ProtocolHandshake createSession
INFO: Detected dialect: W3C
]]></system-err>
  </testcase>
  <testcase name="Invalid data and messages in different languages" classname="Subscribe to the Newsletter" time="12.744">
    <system-out><![CDATA[	this is coming from BEFORE
***Country = USA
***Actual Message = Please enter a valid e-mail address
]]></system-out>
    <system-err><![CDATA[Starting ChromeDriver 87.0.4280.88 (89e2380a3e36c3464b5dd1302349b1382549290d-refs/branch-heads/4280@{#1761}) on port 2294
Only local connections are allowed.
Please see https://chromedriver.chromium.org/security-considerations for suggestions on keeping ChromeDriver safe.
ChromeDriver was started successfully.
Dec 25, 2020 10:35:20 AM org.openqa.selenium.remote.ProtocolHandshake createSession
INFO: Detected dialect: W3C
]]></system-err>
  </testcase>
  <testcase name="Invalid data and messages in different languages" classname="Subscribe to the Newsletter" time="13.699">
    <system-out><![CDATA[	this is coming from BEFORE
***Country = Canada
***Actual Message = Please enter a valid email address
]]></system-out>
    <system-err><![CDATA[Starting ChromeDriver 87.0.4280.88 (89e2380a3e36c3464b5dd1302349b1382549290d-refs/branch-heads/4280@{#1761}) on port 15790
Only local connections are allowed.
Please see https://chromedriver.chromium.org/security-considerations for suggestions on keeping ChromeDriver safe.
ChromeDriver was started successfully.
Dec 25, 2020 10:35:33 AM org.openqa.selenium.remote.ProtocolHandshake createSession
INFO: Detected dialect: W3C
]]></system-err>
  </testcase>
  <testcase name="Invalid data and messages in different languages" classname="Subscribe to the Newsletter" time="15.366">
    <system-out><![CDATA[	this is coming from BEFORE
***Country = Australia
***Actual Message = Oops! Please enter a valid e-mail address :)
]]></system-out>
    <system-err><![CDATA[Starting ChromeDriver 87.0.4280.88 (89e2380a3e36c3464b5dd1302349b1382549290d-refs/branch-heads/4280@{#1761}) on port 43877
Only local connections are allowed.
Please see https://chromedriver.chromium.org/security-considerations for suggestions on keeping ChromeDriver safe.
ChromeDriver was started successfully.
Dec 25, 2020 10:35:47 AM org.openqa.selenium.remote.ProtocolHandshake createSession
INFO: Detected dialect: W3C
]]></system-err>
  </testcase>
  <testcase name="Invalid data and messages in different languages" classname="Subscribe to the Newsletter" time="13.834">
    <system-out><![CDATA[	this is coming from BEFORE
***Country = Deutschland
***Actual Message = Es ist ein Fehler aufgetreten
]]></system-out>
    <system-err><![CDATA[Starting ChromeDriver 87.0.4280.88 (89e2380a3e36c3464b5dd1302349b1382549290d-refs/branch-heads/4280@{#1761}) on port 31245
Only local connections are allowed.
Please see https://chromedriver.chromium.org/security-considerations for suggestions on keeping ChromeDriver safe.
ChromeDriver was started successfully.
Dec 25, 2020 10:36:02 AM org.openqa.selenium.remote.ProtocolHandshake createSession
INFO: Detected dialect: W3C
]]></system-err>
  </testcase>
  <testcase name="Invalid data and messages in different languages" classname="Subscribe to the Newsletter" time="14.021">
    <system-out><![CDATA[	this is coming from BEFORE
***Country = France
***Actual Message = Une erreur ? Entrez votre e-mail à nouveau
]]></system-out>
    <system-err><![CDATA[Starting ChromeDriver 87.0.4280.88 (89e2380a3e36c3464b5dd1302349b1382549290d-refs/branch-heads/4280@{#1761}) on port 3180
Only local connections are allowed.
Please see https://chromedriver.chromium.org/security-considerations for suggestions on keeping ChromeDriver safe.
ChromeDriver was started successfully.
Dec 25, 2020 10:36:16 AM org.openqa.selenium.remote.ProtocolHandshake createSession
INFO: Detected dialect: W3C
]]></system-err>
  </testcase>
  <testcase name="Invalid data and messages in different languages" classname="Subscribe to the Newsletter" time="13.856">
    <system-out><![CDATA[	this is coming from BEFORE
***Country = Italia
***Actual Message = Per favore, inserisci un indirizzo email valido
]]></system-out>
    <system-err><![CDATA[Starting ChromeDriver 87.0.4280.88 (89e2380a3e36c3464b5dd1302349b1382549290d-refs/branch-heads/4280@{#1761}) on port 24387
Only local connections are allowed.
Please see https://chromedriver.chromium.org/security-considerations for suggestions on keeping ChromeDriver safe.
ChromeDriver was started successfully.
Dec 25, 2020 10:36:30 AM org.openqa.selenium.remote.ProtocolHandshake createSession
INFO: Detected dialect: W3C
]]></system-err>
  </testcase>
  <testcase name="Invalid data and messages in different languages" classname="Subscribe to the Newsletter" time="13.943">
    <system-out><![CDATA[	this is coming from BEFORE
***Country = España
***Actual Message = Por favor, introduce un e-mail válido
]]></system-out>
    <system-err><![CDATA[Starting ChromeDriver 87.0.4280.88 (89e2380a3e36c3464b5dd1302349b1382549290d-refs/branch-heads/4280@{#1761}) on port 46238
Only local connections are allowed.
Please see https://chromedriver.chromium.org/security-considerations for suggestions on keeping ChromeDriver safe.
ChromeDriver was started successfully.
Dec 25, 2020 10:36:44 AM org.openqa.selenium.remote.ProtocolHandshake createSession
INFO: Detected dialect: W3C
]]></system-err>
  </testcase>
  <testcase name="Invalid data and messages in different languages" classname="Subscribe to the Newsletter" time="13.877">
    <system-out><![CDATA[	this is coming from BEFORE
***Country = Suomi
***Actual Message = Syötä voimassa oleva sähköpostiosoite
]]></system-out>
    <system-err><![CDATA[Starting ChromeDriver 87.0.4280.88 (89e2380a3e36c3464b5dd1302349b1382549290d-refs/branch-heads/4280@{#1761}) on port 9486
Only local connections are allowed.
Please see https://chromedriver.chromium.org/security-considerations for suggestions on keeping ChromeDriver safe.
ChromeDriver was started successfully.
Dec 25, 2020 10:36:58 AM org.openqa.selenium.remote.ProtocolHandshake createSession
INFO: Detected dialect: W3C
]]></system-err>
  </testcase>
  <testcase name="Invalid data and messages in different languages" classname="Subscribe to the Newsletter" time="14.054">
    <system-out><![CDATA[	this is coming from BEFORE
***Country = Türkiye
***Actual Message = Lütfen tekrar deneyin.
]]></system-out>
    <system-err><![CDATA[Starting ChromeDriver 87.0.4280.88 (89e2380a3e36c3464b5dd1302349b1382549290d-refs/branch-heads/4280@{#1761}) on port 3283
Only local connections are allowed.
Please see https://chromedriver.chromium.org/security-considerations for suggestions on keeping ChromeDriver safe.
ChromeDriver was started successfully.
Dec 25, 2020 10:37:12 AM org.openqa.selenium.remote.ProtocolHandshake createSession
INFO: Detected dialect: W3C
]]></system-err>
  </testcase>
  <testcase name="Invalid data and messages in different languages" classname="Subscribe to the Newsletter" time="14.67">
    <system-out><![CDATA[	this is coming from BEFORE
***Country = Brasil
***Actual Message = Por favor, digite um e-mail válido.
]]></system-out>
    <system-err><![CDATA[Starting ChromeDriver 87.0.4280.88 (89e2380a3e36c3464b5dd1302349b1382549290d-refs/branch-heads/4280@{#1761}) on port 45731
Only local connections are allowed.
Please see https://chromedriver.chromium.org/security-considerations for suggestions on keeping ChromeDriver safe.
ChromeDriver was started successfully.
Dec 25, 2020 10:37:26 AM org.openqa.selenium.remote.ProtocolHandshake createSession
INFO: Detected dialect: W3C
]]></system-err>
  </testcase>
  <testcase name="Invalid data and messages in different languages" classname="Subscribe to the Newsletter" time="13.774">
    <system-out><![CDATA[	this is coming from BEFORE
***Country = Portugal
***Actual Message = Por favor insira um e-mail válido
]]></system-out>
    <system-err><![CDATA[Starting ChromeDriver 87.0.4280.88 (89e2380a3e36c3464b5dd1302349b1382549290d-refs/branch-heads/4280@{#1761}) on port 31429
Only local connections are allowed.
Please see https://chromedriver.chromium.org/security-considerations for suggestions on keeping ChromeDriver safe.
ChromeDriver was started successfully.
Dec 25, 2020 10:37:41 AM org.openqa.selenium.remote.ProtocolHandshake createSession
INFO: Detected dialect: W3C
]]></system-err>
  </testcase>
  <testcase name="Invalid data and messages in different languages" classname="Subscribe to the Newsletter" time="14.544">
    <system-out><![CDATA[	this is coming from BEFORE
***Country = México
***Actual Message = Opción inválida
]]></system-out>
    <system-err><![CDATA[Starting ChromeDriver 87.0.4280.88 (89e2380a3e36c3464b5dd1302349b1382549290d-refs/branch-heads/4280@{#1761}) on port 1879
Only local connections are allowed.
Please see https://chromedriver.chromium.org/security-considerations for suggestions on keeping ChromeDriver safe.
ChromeDriver was started successfully.
Dec 25, 2020 10:37:54 AM org.openqa.selenium.remote.ProtocolHandshake createSession
INFO: Detected dialect: W3C
]]></system-err>
  </testcase>
  <testcase name="Invalid data and messages in different languages" classname="Subscribe to the Newsletter" time="13.824">
    <system-out><![CDATA[	this is coming from BEFORE
***Country = Ireland
***Actual Message = Please enter a valid e-mail address
]]></system-out>
    <system-err><![CDATA[Starting ChromeDriver 87.0.4280.88 (89e2380a3e36c3464b5dd1302349b1382549290d-refs/branch-heads/4280@{#1761}) on port 30775
Only local connections are allowed.
Please see https://chromedriver.chromium.org/security-considerations for suggestions on keeping ChromeDriver safe.
ChromeDriver was started successfully.
Dec 25, 2020 10:38:09 AM org.openqa.selenium.remote.ProtocolHandshake createSession
INFO: Detected dialect: W3C
]]></system-err>
  </testcase>
  <testcase name="Invalid data and messages in different languages" classname="Subscribe to the Newsletter" time="14.215">
    <system-out><![CDATA[	this is coming from BEFORE
***Country = United Kingdom
***Actual Message = Please enter a valid email address
]]></system-out>
    <system-err><![CDATA[Starting ChromeDriver 87.0.4280.88 (89e2380a3e36c3464b5dd1302349b1382549290d-refs/branch-heads/4280@{#1761}) on port 37025
Only local connections are allowed.
Please see https://chromedriver.chromium.org/security-considerations for suggestions on keeping ChromeDriver safe.
ChromeDriver was started successfully.
Dec 25, 2020 10:38:23 AM org.openqa.selenium.remote.ProtocolHandshake createSession
INFO: Detected dialect: W3C
]]></system-err>
  </testcase>
  <testcase name="Invalid data and messages in different languages" classname="Subscribe to the Newsletter" time="13.807">
    <system-out><![CDATA[	this is coming from BEFORE
***Country = Norge
***Actual Message = Vennligst oppgi en gyldig e-postadresse
]]></system-out>
    <system-err><![CDATA[Starting ChromeDriver 87.0.4280.88 (89e2380a3e36c3464b5dd1302349b1382549290d-refs/branch-heads/4280@{#1761}) on port 10031
Only local connections are allowed.
Please see https://chromedriver.chromium.org/security-considerations for suggestions on keeping ChromeDriver safe.
ChromeDriver was started successfully.
Dec 25, 2020 10:38:37 AM org.openqa.selenium.remote.ProtocolHandshake createSession
INFO: Detected dialect: W3C
]]></system-err>
  </testcase>
  <testcase name="Invalid data and messages in different languages" classname="Subscribe to the Newsletter" time="13.873">
    <system-out><![CDATA[	this is coming from BEFORE
***Country = Sverige
***Actual Message = Vänligen uppge en giltig e-postadress
]]></system-out>
    <system-err><![CDATA[Starting ChromeDriver 87.0.4280.88 (89e2380a3e36c3464b5dd1302349b1382549290d-refs/branch-heads/4280@{#1761}) on port 40405
Only local connections are allowed.
Please see https://chromedriver.chromium.org/security-considerations for suggestions on keeping ChromeDriver safe.
ChromeDriver was started successfully.
Dec 25, 2020 10:38:51 AM org.openqa.selenium.remote.ProtocolHandshake createSession
INFO: Detected dialect: W3C
]]></system-err>
  </testcase>
</testsuite>